2025-02-24 12:35:44,222 - WARNING -  * Debugger is active!
2025-02-24 12:35:44,230 - INFO -  * Debugger PIN: 880-285-673
2025-02-24 12:36:33,390 - INFO -  * Detected change in 'C:\\Users\\Owner\\Desktop\\\u65b0\u3057\u3044\u30d5\u30a9\u30eb\u30c0\u30fc\\backend\\app.py', reloading
2025-02-24 12:36:46,097 - WARNING -  * Debugger is active!
2025-02-24 12:36:46,102 - INFO -  * Debugger PIN: 880-285-673
2025-02-24 12:36:59,115 - INFO -  * Detected change in 'C:\\Users\\Owner\\Desktop\\\u65b0\u3057\u3044\u30d5\u30a9\u30eb\u30c0\u30fc\\backend\\app.py', reloading
2025-02-24 12:37:07,631 - WARNING -  * Debugger is active!
2025-02-24 12:37:07,635 - INFO -  * Debugger PIN: 880-285-673
2025-02-24 12:37:33,840 - INFO -  * Detected change in 'C:\\Users\\Owner\\Desktop\\\u65b0\u3057\u3044\u30d5\u30a9\u30eb\u30c0\u30fc\\backend\\app.py', reloading
2025-02-24 12:37:46,571 - WARNING -  * Debugger is active!
2025-02-24 12:37:46,579 - INFO -  * Debugger PIN: 880-285-673
2025-02-24 12:37:51,422 - INFO -  * Detected change in 'C:\\Users\\Owner\\Desktop\\\u65b0\u3057\u3044\u30d5\u30a9\u30eb\u30c0\u30fc\\backend\\app.py', reloading
2025-02-24 12:38:02,602 - WARNING -  * Debugger is active!
2025-02-24 12:38:02,617 - INFO -  * Debugger PIN: 880-285-673
2025-02-24 12:38:11,783 - INFO -  * Detected change in 'C:\\Users\\Owner\\Desktop\\\u65b0\u3057\u3044\u30d5\u30a9\u30eb\u30c0\u30fc\\backend\\app.py', reloading
2025-02-24 12:38:22,079 - WARNING -  * Debugger is active!
2025-02-24 12:38:22,086 - INFO -  * Debugger PIN: 880-285-673
2025-02-24 12:38:37,155 - INFO -  * Detected change in 'C:\\Users\\Owner\\Desktop\\\u65b0\u3057\u3044\u30d5\u30a9\u30eb\u30c0\u30fc\\backend\\app.py', reloading
2025-02-24 12:38:51,067 - WARNING -  * Debugger is active!
2025-02-24 12:38:51,077 - INFO -  * Debugger PIN: 880-285-673
2025-02-24 12:40:31,209 - INFO - [31m[1mWARNING: This is a development server. Do not use it in a production deployment. Use a production WSGI server instead.[0m
 * Running on http://127.0.0.1:5000
2025-02-24 12:40:31,210 - INFO - [33mPress CTRL+C to quit[0m
2025-02-24 12:40:31,213 - INFO -  * Restarting with stat
2025-02-24 12:40:39,711 - WARNING -  * Debugger is active!
2025-02-24 12:40:39,716 - INFO -  * Debugger PIN: 880-285-673
2025-02-24 12:42:10,687 - INFO - Failed registration attempt for email: nathansenyard@gmail.com due to email already in use
2025-02-24 12:42:10,689 - INFO - 127.0.0.1 - - [24/Feb/2025 12:42:10] "[31m[1mPOST /register HTTP/1.1[0m" 401 -
2025-02-24 13:07:34,884 - INFO - [31m[1mWARNING: This is a development server. Do not use it in a production deployment. Use a production WSGI server instead.[0m
 * Running on http://127.0.0.1:5000
2025-02-24 13:07:34,884 - INFO - [33mPress CTRL+C to quit[0m
2025-02-24 13:07:34,887 - INFO -  * Restarting with stat
2025-02-24 13:07:41,906 - WARNING -  * Debugger is active!
2025-02-24 13:07:41,915 - INFO -  * Debugger PIN: 880-285-673
2025-02-24 13:08:20,523 - INFO - 127.0.0.1 - - [24/Feb/2025 13:08:20] "[31m[1mPOST /verify-email?token=lGuY1gAKtYx2k9Asf2zPYBRnXTnuoa3TnZgDrVKnMTQ HTTP/1.1[0m" 405 -
2025-02-24 13:08:22,069 - INFO - 127.0.0.1 - - [24/Feb/2025 13:08:22] "[31m[1mPOST /verify-email?token=lGuY1gAKtYx2k9Asf2zPYBRnXTnuoa3TnZgDrVKnMTQ HTTP/1.1[0m" 405 -
2025-02-24 13:08:27,490 - INFO -  * Detected change in 'C:\\Users\\Owner\\Desktop\\\u65b0\u3057\u3044\u30d5\u30a9\u30eb\u30c0\u30fc\\backend\\app.py', reloading
2025-02-24 13:08:28,105 - INFO -  * Restarting with stat
2025-02-24 13:08:39,148 - WARNING -  * Debugger is active!
2025-02-24 13:08:39,172 - INFO -  * Debugger PIN: 880-285-673
2025-02-24 13:15:08,316 - INFO - 127.0.0.1 - - [24/Feb/2025 13:15:08] "[35m[1mPOST /verify-email?token=lGuY1gAKtYx2k9Asf2zPYBRnXTnuoa3TnZgDrVKnMTQ HTTP/1.1[0m" 500 -
2025-02-24 13:17:56,855 - INFO -  * Detected change in 'C:\\Users\\Owner\\Desktop\\\u65b0\u3057\u3044\u30d5\u30a9\u30eb\u30c0\u30fc\\backend\\app.py', reloading
2025-02-24 13:17:57,635 - INFO -  * Restarting with stat
2025-02-24 13:18:12,711 - WARNING -  * Debugger is active!
2025-02-24 13:18:12,711 - INFO -  * Debugger PIN: 880-285-673
2025-02-24 13:18:57,706 - INFO - 127.0.0.1 - - [24/Feb/2025 13:18:57] "[35m[1mPOST /verify-email?token=lGuY1gAKtYx2k9Asf2zPYBRnXTnuoa3TnZgDrVKnMTQ HTTP/1.1[0m" 500 -
2025-02-24 13:19:47,396 - INFO -  * Detected change in 'C:\\Users\\Owner\\Desktop\\\u65b0\u3057\u3044\u30d5\u30a9\u30eb\u30c0\u30fc\\backend\\app.py', reloading
2025-02-24 13:19:47,997 - INFO -  * Restarting with stat
2025-02-24 13:19:59,185 - WARNING -  * Debugger is active!
2025-02-24 13:19:59,202 - INFO -  * Debugger PIN: 880-285-673
2025-02-24 13:19:59,894 - INFO - 127.0.0.1 - - [24/Feb/2025 13:19:59] "[31m[1mPOST /verify-email?token=lGuY1gAKtYx2k9Asf2zPYBRnXTnuoa3TnZgDrVKnMTQ HTTP/1.1[0m" 401 -
2025-02-24 13:21:00,374 - INFO -  * Detected change in 'C:\\Users\\Owner\\Desktop\\\u65b0\u3057\u3044\u30d5\u30a9\u30eb\u30c0\u30fc\\backend\\app.py', reloading
2025-02-24 13:21:01,151 - INFO -  * Restarting with stat
2025-02-24 13:21:10,676 - WARNING -  * Debugger is active!
2025-02-24 13:21:10,686 - INFO -  * Debugger PIN: 880-285-673
2025-02-24 13:21:43,791 - INFO - 127.0.0.1 - - [24/Feb/2025 13:21:43] "[31m[1mPOST /verify-email?token=lGuY1gAKtYx2k9Asf2zPYBRnXTnuoa3TnZgDrVKnMTQ HTTP/1.1[0m" 401 -
2025-02-24 13:22:19,208 - INFO -  * Detected change in 'C:\\Users\\Owner\\Desktop\\\u65b0\u3057\u3044\u30d5\u30a9\u30eb\u30c0\u30fc\\backend\\app.py', reloading
2025-02-24 13:22:19,928 - INFO -  * Restarting with stat
2025-02-24 13:22:31,427 - WARNING -  * Debugger is active!
2025-02-24 13:22:31,435 - INFO -  * Debugger PIN: 880-285-673
2025-02-24 13:23:06,299 - INFO - 127.0.0.1 - - [24/Feb/2025 13:23:06] "[31m[1mPOST /verify-email?token=lGuY1gAKtYx2k9Asf2zPYBRnXTnuoa3TnZgDrVKnMTQ HTTP/1.1[0m" 401 -
2025-02-24 13:23:30,060 - INFO - 127.0.0.1 - - [24/Feb/2025 13:23:30] "[31m[1mPOST /verify-email?token=wwr-YnsI1mg1xJwsOxMBw8pTEeWnBHokFCMcE8nrUPk HTTP/1.1[0m" 401 -
2025-02-24 13:24:01,236 - INFO -  * Detected change in 'C:\\Users\\Owner\\Desktop\\\u65b0\u3057\u3044\u30d5\u30a9\u30eb\u30c0\u30fc\\backend\\app.py', reloading
2025-02-24 13:24:02,065 - INFO -  * Restarting with stat
